<?xml version="1.0" encoding="UTF-8"?>
<!-- Generated by org.testng.reporters.JUnitReportReporter -->
<testsuite skipped="0" hostname="WINDOWS-9PLK0EF" name="testng.DataproviderDemo" tests="2" failures="0" timestamp="11 Jan 2020 06:09:20 GMT" time="57.825" errors="0">
  <testcase name="checkloginScenario" time="20.982" classname="testng.DataproviderDemo"/>
  <testcase name="checkloginScenario" time="36.843" classname="testng.DataproviderDemo"/>
</testsuite> <!-- testng.DataproviderDemo -->
