<?xml version="1.0" encoding="UTF-8"?>
<!-- Generated by org.testng.reporters.JUnitReportReporter -->
<testsuite skipped="0" hostname="WINDOWS-9PLK0EF" name="testng.WindowHandleDemo" tests="1" failures="0" timestamp="10 Jan 2020 22:28:47 GMT" time="66.683" errors="0">
  <testcase name="testSuccessHandleWindow" time="66.683" classname="testng.WindowHandleDemo"/>
</testsuite> <!-- testng.WindowHandleDemo -->
