<?xml version="1.0" encoding="UTF-8"?>
<!-- Generated by org.testng.reporters.JUnitReportReporter -->
<testsuite skipped="0" hostname="WINDOWS-9PLK0EF" name="testng.Alert_Demo" tests="1" failures="0" timestamp="10 Jan 2020 21:43:18 GMT" time="24.426" errors="0">
  <testcase name="testSuccessAcceptAlert" time="24.426" classname="testng.Alert_Demo"/>
</testsuite> <!-- testng.Alert_Demo -->
