<?xml version="1.0" encoding="UTF-8"?>
<!-- Generated by org.testng.reporters.JUnitReportReporter -->
<testsuite skipped="0" hostname="WINDOWS-9PLK0EF" name="testng.LoginWithDataProvider" tests="2" failures="0" timestamp="10 Jan 2020 20:50:51 GMT" time="44.357" errors="0">
  <testcase name="validateLoginFunctionality" time="22.782" classname="testng.LoginWithDataProvider"/>
  <testcase name="validateLoginFunctionality" time="21.575" classname="testng.LoginWithDataProvider"/>
</testsuite> <!-- testng.LoginWithDataProvider -->
