<?xml version="1.0" encoding="UTF-8"?>
<!-- Generated by org.testng.reporters.JUnitReportReporter -->
<testsuite skipped="0" hostname="WINDOWS-9PLK0EF" name="testng.Aerthandel" tests="1" failures="0" timestamp="11 Jan 2020 04:48:33 GMT" time="19.740" errors="0">
  <testcase name="TestSuccessAcceptAlert" time="19.740" classname="testng.Aerthandel"/>
</testsuite> <!-- testng.Aerthandel -->
